<?xml version="1.0" encoding="UTF-8"?>
<coverage generated="1561234910">
  <project timestamp="1561234910">
    <package name="terabytesoft\app\basic\controllers">
      <file name="D:\git-local\terabytesoftw\app-basic\src\controllers\SiteController.php">
        <class name="terabytesoft\app\basic\controllers\SiteController" namespace="terabytesoft\app\basic\controllers">
          <metrics complexity="9" methods="6" coveredmethods="6" conditionals="0" coveredconditionals="0" statements="22" coveredstatements="22" elements="28" coveredelements="28"/>
        </class>
        <line num="27" type="method" name="behaviors" visibility="public" complexity="1" crap="1" count="10"/>
        <line num="31" type="stmt" count="10"/>
        <line num="43" type="method" name="actions" visibility="public" complexity="2" crap="2" count="10"/>
        <line num="47" type="stmt" count="10"/>
        <line num="50" type="stmt" count="10"/>
        <line num="51" type="stmt" count="10"/>
        <line num="59" type="method" name="actionIndex" visibility="public" complexity="1" crap="1" count="1"/>
        <line num="61" type="stmt" count="1"/>
        <line num="67" type="method" name="actionAbout" visibility="public" complexity="1" crap="1" count="1"/>
        <line num="69" type="stmt" count="1"/>
        <line num="76" type="method" name="actionContact" visibility="public" complexity="3" crap="3" count="8"/>
        <line num="78" type="stmt" count="8"/>
        <line num="80" type="stmt" count="8"/>
        <line num="81" type="stmt" count="2"/>
        <line num="82" type="stmt" count="2"/>
        <line num="84" type="stmt" count="2"/>
        <line num="87" type="stmt" count="8"/>
        <line num="88" type="stmt" count="8"/>
        <line num="97" type="method" name="sendContact" visibility="public" complexity="1" crap="1" count="3"/>
        <line num="99" type="stmt" count="3"/>
        <line num="100" type="stmt" count="3"/>
        <line num="101" type="stmt" count="3"/>
        <line num="102" type="stmt" count="3"/>
        <line num="104" type="stmt" count="3"/>
        <line num="105" type="stmt" count="3"/>
        <line num="106" type="stmt" count="3"/>
        <line num="107" type="stmt" count="3"/>
        <line num="108" type="stmt" count="3"/>
        <metrics loc="109" ncloc="80" classes="1" methods="6" coveredmethods="6" conditionals="0" coveredconditionals="0" statements="22" coveredstatements="22" elements="28" coveredelements="28"/>
      </file>
    </package>
    <package name="terabytesoft\app\basic\forms">
      <file name="D:\git-local\terabytesoftw\app-basic\src\forms\ContactForm.php">
        <class name="terabytesoft\app\basic\forms\ContactForm" namespace="terabytesoft\app\basic\forms">
          <metrics complexity="1" methods="1" coveredmethods="1" conditionals="0" coveredconditionals="0" statements="1" coveredstatements="1" elements="2" coveredelements="2"/>
        </class>
        <line num="23" type="method" name="rules" visibility="public" complexity="1" crap="1" count="10"/>
        <line num="27" type="stmt" count="10"/>
        <metrics loc="34" ncloc="20" classes="1" methods="1" coveredmethods="1" conditionals="0" coveredconditionals="0" statements="1" coveredstatements="1" elements="2" coveredelements="2"/>
      </file>
    </package>
    <file name="D:\git-local\terabytesoftw\app-basic\src\views\layouts\main.php">
      <line num="15" type="stmt" count="10"/>
      <line num="17" type="stmt" count="10"/>
      <line num="19" type="stmt" count="10"/>
      <line num="20" type="stmt" count="0"/>
      <line num="21" type="stmt" count="0"/>
      <line num="48" type="stmt" count="10"/>
      <line num="49" type="stmt" count="10"/>
      <line num="55" type="stmt" count="10"/>
      <line num="56" type="stmt" count="10"/>
      <line num="57" type="stmt" count="10"/>
      <line num="64" type="stmt" count="10"/>
      <line num="65" type="stmt" count="10"/>
      <line num="82" type="stmt" count="10"/>
      <line num="83" type="stmt" count="10"/>
      <line num="84" type="stmt" count="10"/>
      <line num="85" type="stmt" count="10"/>
      <line num="87" type="stmt" count="10"/>
      <line num="88" type="stmt" count="10"/>
      <metrics loc="104" ncloc="97" classes="0" methods="0" coveredmethods="0" conditionals="0" coveredconditionals="0" statements="18" coveredstatements="16" elements="18" coveredelements="16"/>
    </file>
    <file name="D:\git-local\terabytesoftw\app-basic\src\views\site\about.php">
      <line num="9" type="stmt" count="1"/>
      <line num="10" type="stmt" count="1"/>
      <line num="17" type="stmt" count="1"/>
      <metrics loc="22" ncloc="17" classes="0" methods="0" coveredmethods="0" conditionals="0" coveredconditionals="0" statements="3" coveredstatements="3" elements="3" coveredelements="3"/>
    </file>
    <file name="D:\git-local\terabytesoftw\app-basic\src\views\site\contact.php">
      <line num="12" type="stmt" count="8"/>
      <line num="13" type="stmt" count="8"/>
      <line num="23" type="stmt" count="2"/>
      <line num="24" type="stmt" count="2"/>
      <line num="29" type="stmt" count="2"/>
      <line num="30" type="stmt" count="2"/>
      <line num="33" type="stmt" count="2"/>
      <line num="36" type="stmt" count="2"/>
      <line num="37" type="stmt" count="2"/>
      <line num="39" type="stmt" count="2"/>
      <line num="45" type="stmt" count="8"/>
      <line num="46" type="stmt" count="8"/>
      <line num="51" type="stmt" count="8"/>
      <line num="70" type="stmt" count="8"/>
      <line num="71" type="stmt" count="8"/>
      <line num="72" type="stmt" count="8"/>
      <line num="73" type="stmt" count="8"/>
      <line num="74" type="stmt" count="8"/>
      <line num="75" type="stmt" count="8"/>
      <line num="77" type="stmt" count="8"/>
      <line num="79" type="stmt" count="8"/>
      <line num="82" type="stmt" count="8"/>
      <line num="83" type="stmt" count="8"/>
      <line num="84" type="stmt" count="8"/>
      <line num="85" type="stmt" count="8"/>
      <line num="86" type="stmt" count="8"/>
      <line num="88" type="stmt" count="8"/>
      <line num="90" type="stmt" count="8"/>
      <line num="93" type="stmt" count="8"/>
      <line num="94" type="stmt" count="8"/>
      <line num="95" type="stmt" count="8"/>
      <line num="96" type="stmt" count="8"/>
      <line num="97" type="stmt" count="8"/>
      <line num="99" type="stmt" count="8"/>
      <line num="101" type="stmt" count="8"/>
      <line num="104" type="stmt" count="8"/>
      <line num="105" type="stmt" count="8"/>
      <line num="106" type="stmt" count="8"/>
      <line num="107" type="stmt" count="8"/>
      <line num="108" type="stmt" count="8"/>
      <line num="110" type="stmt" count="8"/>
      <line num="111" type="stmt" count="8"/>
      <line num="113" type="stmt" count="8"/>
      <line num="116" type="stmt" count="8"/>
      <line num="117" type="stmt" count="8"/>
      <line num="118" type="stmt" count="8"/>
      <line num="119" type="stmt" count="8"/>
      <line num="121" type="stmt" count="8"/>
      <line num="122" type="stmt" count="8"/>
      <line num="124" type="stmt" count="8"/>
      <line num="125" type="stmt" count="8"/>
      <line num="127" type="stmt" count="8"/>
      <line num="128" type="stmt" count="8"/>
      <line num="130" type="stmt" count="8"/>
      <line num="131" type="stmt" count="8"/>
      <line num="135" type="stmt" count="8"/>
      <line num="139" type="stmt" count="8"/>
      <line num="140" type="stmt" count="8"/>
      <metrics loc="148" ncloc="143" classes="0" methods="0" coveredmethods="0" conditionals="0" coveredconditionals="0" statements="58" coveredstatements="58" elements="58" coveredelements="58"/>
    </file>
    <file name="D:\git-local\terabytesoftw\app-basic\src\views\site\error.php">
      <line num="9" type="stmt" count="0"/>
      <metrics loc="29" ncloc="24" classes="0" methods="0" coveredmethods="0" conditionals="0" coveredconditionals="0" statements="1" coveredstatements="0" elements="1" coveredelements="0"/>
    </file>
    <file name="D:\git-local\terabytesoftw\app-basic\src\views\site\index.php">
      <line num="10" type="stmt" count="1"/>
      <line num="41" type="stmt" count="1"/>
      <line num="60" type="stmt" count="1"/>
      <line num="79" type="stmt" count="1"/>
      <metrics loc="97" ncloc="92" classes="0" methods="0" coveredmethods="0" conditionals="0" coveredconditionals="0" statements="4" coveredstatements="4" elements="4" coveredelements="4"/>
    </file>
    <metrics files="7" loc="543" ncloc="473" classes="2" methods="7" coveredmethods="7" conditionals="0" coveredconditionals="0" statements="107" coveredstatements="104" elements="114" coveredelements="111"/>
  </project>
</coverage>
